<?xml version="1.0" encoding="UTF-8"?>
<TestRun id="9792aa18-8c68-434e-a692-8ce805f05791" name="DELL@DESKTOP-K7JGNSE 2021-06-18 02:08:06" runUser="DESKTOP-K7JGNSE\DELL" xmlns="http://microsoft.com/schemas/VisualStudio/TeamTest/2010">
  <TestSettings name="Local" id="985bb256-4770-464f-b565-4f9977343dac">
    <Description>These are default test settings for a local test run.</Description>
    <Deployment enabled="false" runDeploymentRoot="DELL_DESKTOP-K7JGNSE 2021-06-18 02_08_06">
      <DeploymentItem filename="D:\old laptop\SkuPromotionEngine\SkuPromotionEngine\SkuPromotionEngine\bin\Debug\SkuPromotionEngine.exe" />
    </Deployment>
    <Execution>
      <TestTypeSpecific />
      <AgentRule name="Execution Agents">
      </AgentRule>
    </Execution>
  </TestSettings>
  <Times creation="2021-06-18T02:08:06.3558835+05:30" queuing="2021-06-18T02:08:07.1210433+05:30" start="2021-06-18T02:08:07.1579423+05:30" finish="2021-06-18T02:08:07.7677517+05:30" />
  <ResultSummary outcome="Completed">
    <Counters total="3" executed="3" passed="3" error="0" failed="0" timeout="0" aborted="0" inconclusive="0" passedButRunAborted="0" notRunnable="0" notExecuted="0" disconnected="0" warning="0" completed="0" inProgress="0" pending="0" />
  </ResultSummary>
  <TestDefinitions>
    <UnitTest name="TestMethod3" storage="d:\old laptop\skupromotionengine\skupromotionengine\unittestskupromotionengine\bin\debug\unittestskupromotionengine.dll" id="d5029c4e-3bab-f1a5-e1c9-086ec31cde0e">
      <Execution id="6d9cf8c5-267e-43f0-bc0d-1179f1dc0153" />
      <TestMethod codeBase="D:/old laptop/SkuPromotionEngine/SkuPromotionEngine/UnitTestSkuPromotionEngine/bin/Debug/UnitTestSkuPromotionEngine.DLL" adapterTypeName="Microsoft.VisualStudio.TestTools.TestTypes.Unit.UnitTestAdapter, Microsoft.VisualStudio.QualityTools.Tips.UnitTest.Adapter, Version=10.0.0.0, Culture=neutral, PublicKeyToken=b03f5f7f11d50a3a" className="UnitTestSkuPromotionEngine.UnitTestSkuPromotionEngline, UnitTestSkuPromotionEngine, Version=1.0.0.0, Culture=neutral, PublicKeyToken=null" name="TestMethod3" />
    </UnitTest>
    <UnitTest name="TestMethod1" storage="d:\old laptop\skupromotionengine\skupromotionengine\unittestskupromotionengine\bin\debug\unittestskupromotionengine.dll" id="6ea917ed-0a15-ac5a-3853-26db47abe212">
      <Execution id="c5db5d4f-3f43-4dbc-b9bf-f6e299d60688" />
      <TestMethod codeBase="D:/old laptop/SkuPromotionEngine/SkuPromotionEngine/UnitTestSkuPromotionEngine/bin/Debug/UnitTestSkuPromotionEngine.DLL" adapterTypeName="Microsoft.VisualStudio.TestTools.TestTypes.Unit.UnitTestAdapter, Microsoft.VisualStudio.QualityTools.Tips.UnitTest.Adapter, Version=10.0.0.0, Culture=neutral, PublicKeyToken=b03f5f7f11d50a3a" className="UnitTestSkuPromotionEngine.UnitTestSkuPromotionEngline, UnitTestSkuPromotionEngine, Version=1.0.0.0, Culture=neutral, PublicKeyToken=null" name="TestMethod1" />
    </UnitTest>
    <UnitTest name="TestMethod2" storage="d:\old laptop\skupromotionengine\skupromotionengine\unittestskupromotionengine\bin\debug\unittestskupromotionengine.dll" id="19610300-3a3b-3049-fe3d-c05dfb4fa3a8">
      <Execution id="12c75bb1-680c-46f9-b00b-1fdccfece8a4" />
      <TestMethod codeBase="D:/old laptop/SkuPromotionEngine/SkuPromotionEngine/UnitTestSkuPromotionEngine/bin/Debug/UnitTestSkuPromotionEngine.DLL" adapterTypeName="Microsoft.VisualStudio.TestTools.TestTypes.Unit.UnitTestAdapter, Microsoft.VisualStudio.QualityTools.Tips.UnitTest.Adapter, Version=10.0.0.0, Culture=neutral, PublicKeyToken=b03f5f7f11d50a3a" className="UnitTestSkuPromotionEngine.UnitTestSkuPromotionEngline, UnitTestSkuPromotionEngine, Version=1.0.0.0, Culture=neutral, PublicKeyToken=null" name="TestMethod2" />
    </UnitTest>
  </TestDefinitions>
  <TestLists>
    <TestList name="Results Not in a List" id="8c84fa94-04c1-424b-9868-57a2d4851a1d" />
    <TestList name="All Loaded Results" id="19431567-8539-422a-85d7-44ee4e166bda" />
  </TestLists>
  <TestEntries>
    <TestEntry testId="19610300-3a3b-3049-fe3d-c05dfb4fa3a8" executionId="12c75bb1-680c-46f9-b00b-1fdccfece8a4" testListId="8c84fa94-04c1-424b-9868-57a2d4851a1d" />
    <TestEntry testId="6ea917ed-0a15-ac5a-3853-26db47abe212" executionId="c5db5d4f-3f43-4dbc-b9bf-f6e299d60688" testListId="8c84fa94-04c1-424b-9868-57a2d4851a1d" />
    <TestEntry testId="d5029c4e-3bab-f1a5-e1c9-086ec31cde0e" executionId="6d9cf8c5-267e-43f0-bc0d-1179f1dc0153" testListId="8c84fa94-04c1-424b-9868-57a2d4851a1d" />
  </TestEntries>
  <Results>
    <UnitTestResult executionId="12c75bb1-680c-46f9-b00b-1fdccfece8a4" testId="19610300-3a3b-3049-fe3d-c05dfb4fa3a8" testName="TestMethod2" computerName="DESKTOP-K7JGNSE" duration="00:00:00.0251709" startTime="2021-06-18T02:08:07.2861189+05:30" endTime="2021-06-18T02:08:07.6875899+05:30" testType="13cdc9d9-ddb5-4fa4-a97d-d965ccfc6d4b" outcome="Passed" testListId="8c84fa94-04c1-424b-9868-57a2d4851a1d" relativeResultsDirectory="12c75bb1-680c-46f9-b00b-1fdccfece8a4">
      <Output>
        <StdOut>OrderID: {2} =&gt; Total Cart price: {370.00}</StdOut>
      </Output>
    </UnitTestResult>
    <UnitTestResult executionId="c5db5d4f-3f43-4dbc-b9bf-f6e299d60688" testId="6ea917ed-0a15-ac5a-3853-26db47abe212" testName="TestMethod1" computerName="DESKTOP-K7JGNSE" duration="00:00:00.0008992" startTime="2021-06-18T02:08:07.6939495+05:30" endTime="2021-06-18T02:08:07.7019276+05:30" testType="13cdc9d9-ddb5-4fa4-a97d-d965ccfc6d4b" outcome="Passed" testListId="8c84fa94-04c1-424b-9868-57a2d4851a1d" relativeResultsDirectory="c5db5d4f-3f43-4dbc-b9bf-f6e299d60688">
      <Output>
        <StdOut>OrderID: {1} =&gt; Total Cart price: {100.00}</StdOut>
      </Output>
    </UnitTestResult>
    <UnitTestResult executionId="6d9cf8c5-267e-43f0-bc0d-1179f1dc0153" testId="d5029c4e-3bab-f1a5-e1c9-086ec31cde0e" testName="TestMethod3" computerName="DESKTOP-K7JGNSE" duration="00:00:00.0009916" startTime="2021-06-18T02:08:07.7089090+05:30" endTime="2021-06-18T02:08:07.7140425+05:30" testType="13cdc9d9-ddb5-4fa4-a97d-d965ccfc6d4b" outcome="Passed" testListId="8c84fa94-04c1-424b-9868-57a2d4851a1d" relativeResultsDirectory="6d9cf8c5-267e-43f0-bc0d-1179f1dc0153">
      <Output>
        <StdOut>OrderID: {3} =&gt; Total Cart price: {280.00}</StdOut>
      </Output>
    </UnitTestResult>
  </Results>
</TestRun>